TN:
SF:src/app.js
FNF:0
FNH:0
DA:1,2
DA:2,2
DA:3,2
DA:4,2
DA:5,2
DA:6,2
DA:7,2
DA:8,2
DA:9,2
DA:10,2
DA:12,2
DA:13,2
DA:15,2
DA:16,2
DA:22,2
DA:24,2
DA:25,2
DA:27,2
DA:28,2
DA:30,2
LF:20
LH:20
BRDA:13,0,0,2
BRDA:13,0,1,2
BRF:2
BRH:2
end_of_record
TN:
SF:src/middleware/authProxy.js
FN:4,requireAuth
FN:25,requireRole
FN:26,(anonymous_2)
FNF:3
FNH:3
FNDA:15,requireAuth
FNDA:10,requireRole
FNDA:13,(anonymous_2)
DA:1,2
DA:2,2
DA:5,15
DA:6,15
DA:8,15
DA:9,2
DA:12,13
DA:18,13
DA:19,13
DA:21,0
DA:26,10
DA:27,13
DA:28,1
DA:30,12
DA:34,2
LF:15
LH:14
BRDA:8,0,0,2
BRDA:8,0,1,13
BRDA:27,1,0,1
BRDA:27,1,1,12
BRDA:27,2,0,13
BRDA:27,2,1,13
BRF:6
BRH:6
end_of_record
TN:
SF:src/middleware/errorMiddleware.js
FN:3,errorHandler
FNF:1
FNH:0
FNDA:0,errorHandler
DA:1,2
DA:4,0
DA:5,0
DA:14,2
LF:4
LH:2
BRDA:4,0,0,0
BRDA:4,0,1,0
BRDA:10,1,0,0
BRDA:10,1,1,0
BRF:4
BRH:0
end_of_record
TN:
SF:src/models/Delivery.js
FNF:0
FNH:0
DA:1,2
DA:3,2
DA:21,2
LF:3
LH:3
BRF:0
BRH:0
end_of_record
TN:
SF:src/routes/deliveryRoutes.js
FN:11,(anonymous_0)
FN:11,(anonymous_1)
FN:12,(anonymous_2)
FN:20,sanitizeId
FN:25,updateOrderStatus
FN:43,(anonymous_5)
FN:52,(anonymous_6)
FN:84,(anonymous_7)
FN:115,(anonymous_8)
FN:126,(anonymous_9)
FN:129,(anonymous_10)
FN:160,(anonymous_11)
FN:207,(anonymous_12)
FN:215,(anonymous_13)
FN:247,(anonymous_14)
FNF:15
FNH:12
FNDA:6,(anonymous_0)
FNDA:11,(anonymous_1)
FNDA:26,(anonymous_2)
FNDA:17,sanitizeId
FNDA:2,updateOrderStatus
FNDA:2,(anonymous_5)
FNDA:3,(anonymous_6)
FNDA:2,(anonymous_7)
FNDA:0,(anonymous_8)
FNDA:0,(anonymous_9)
FNDA:0,(anonymous_10)
FNDA:5,(anonymous_11)
FNDA:1,(anonymous_12)
FNDA:1,(anonymous_13)
FNDA:3,(anonymous_14)
DA:1,2
DA:2,2
DA:3,2
DA:4,2
DA:5,2
DA:6,2
DA:7,2
DA:9,2
DA:11,6
DA:12,26
DA:13,11
DA:14,11
DA:15,1
DA:17,10
DA:21,17
DA:22,12
DA:26,2
DA:27,2
DA:28,2
DA:29,2
DA:39,0
DA:43,2
DA:44,2
DA:47,2
DA:53,3
DA:54,3
DA:56,3
DA:57,3
DA:58,1
DA:61,2
DA:62,2
DA:63,1
DA:66,1
DA:72,1
DA:74,0
DA:79,2
DA:85,2
DA:86,2
DA:88,2
DA:89,2
DA:90,1
DA:93,1
DA:94,1
DA:95,0
DA:98,1
DA:104,1
DA:106,0
DA:111,2
DA:116,0
DA:117,0
DA:121,0
DA:123,0
DA:124,0
DA:126,0
DA:128,0
DA:130,0
DA:131,0
DA:132,0
DA:133,0
DA:134,0
DA:137,0
DA:140,0
DA:144,0
DA:146,0
DA:151,2
DA:161,5
DA:162,5
DA:163,5
DA:165,5
DA:166,5
DA:167,1
DA:170,4
DA:172,4
DA:173,1
DA:176,3
DA:182,3
DA:183,2
DA:186,3
DA:188,3
DA:189,1
DA:192,3
DA:193,1
DA:196,3
DA:198,0
DA:203,2
DA:208,1
DA:209,1
DA:214,1
DA:216,1
DA:217,1
DA:218,1
DA:219,1
DA:220,1
DA:224,1
DA:225,1
DA:226,1
DA:227,0
DA:228,0
DA:231,0
DA:236,1
DA:240,1
DA:242,0
DA:247,2
DA:248,3
DA:249,3
DA:251,3
DA:252,3
DA:253,1
DA:256,2
DA:258,2
DA:259,1
DA:262,1
DA:264,0
DA:268,2
LF:114
LH:88
BRDA:14,0,0,1
BRDA:14,0,1,10
BRDA:21,1,0,5
BRDA:21,1,1,12
BRDA:21,2,0,17
BRDA:21,2,1,16
BRDA:27,3,0,0
BRDA:27,3,1,2
BRDA:57,4,0,1
BRDA:57,4,1,2
BRDA:62,5,0,1
BRDA:62,5,1,1
BRDA:89,6,0,1
BRDA:89,6,1,1
BRDA:94,7,0,0
BRDA:94,7,1,1
BRDA:121,8,0,0
BRDA:121,8,1,0
BRDA:133,9,0,0
BRDA:133,9,1,0
BRDA:166,10,0,1
BRDA:166,10,1,4
BRDA:172,11,0,1
BRDA:172,11,1,3
BRDA:182,12,0,2
BRDA:182,12,1,1
BRDA:188,13,0,1
BRDA:188,13,1,2
BRDA:192,14,0,1
BRDA:192,14,1,2
BRDA:219,15,0,1
BRDA:219,15,1,0
BRDA:226,16,0,0
BRDA:226,16,1,1
BRDA:252,17,0,1
BRDA:252,17,1,2
BRDA:258,18,0,1
BRDA:258,18,1,1
BRF:38
BRH:30
end_of_record
TN:
SF:src/utils/response.js
FN:1,(anonymous_0)
FNF:1
FNH:1
FNDA:18,(anonymous_0)
DA:1,2
DA:2,18
DA:9,2
LF:3
LH:3
BRF:0
BRH:0
end_of_record
